<?xml version="1.0" encoding="UTF-8"?>
<!-- Generated by org.testng.reporters.JUnitXMLReporter -->
<testsuite ignored="0" hostname="Hp_Blaster" failures="0" tests="3" name="Login Test" time="9.977" errors="0" timestamp="2024-05-04T13:30:15 IST">
  <testcase classname="com.qa.testcases.LoginTest" name="verifyWithInvalidCredentials" time="1.592"/>
  <testcase classname="com.qa.testcases.LoginTest" name="verifyTheForgetPasswordCredntials" time="0.717"/>
  <testcase classname="com.qa.testcases.LoginTest" name="verifyWithValidCredentials" time="2.46"/>
</testsuite> <!-- Login Test -->
