<?xml version="1.0" encoding="UTF-8"?>
<!-- Generated by org.testng.reporters.JUnitXMLReporter -->
<testsuite ignored="0" hostname="Hp_Blaster" failures="0" tests="3" name="Default test" time="8.404" errors="0" timestamp="2024-05-04T13:11:14 IST">
  <testcase classname="com.qa.testcases.LoginTest" name="verifyWithInvalidCredentials" time="1.72"/>
  <testcase classname="com.qa.testcases.LoginTest" name="verifyTheForgetPasswordCredntials" time="0.956"/>
  <testcase classname="com.qa.testcases.LoginTest" name="verifyWithValidCredentials" time="2.421"/>
</testsuite> <!-- Default test -->
